gaming.txt
                                        
                                        
                                        
░ ▒█     ▓ ░        ▓                   
▓ ▓ ▒█▓ ▒ ▓█▓▒▒▓ █  ░                   
▒ ░█▒ ░ ▓  ░██▓███▒ ▓▒                  
▓ ░░▓▓░ ▒▒▒▓▓▓ █▓▒▓▒▒▒▓ ▒ ▓             
▒ ▓██▒▓ ▒▓█▓▒▒█▓▓███▓▓▓ ▓█▒ ▓ ▓         
▒ ▓ ░▓█ ▒▓ ▓▓█░████▓█▓░ ▓▓▒ ▓░▓   ▓  ▒  
▒ ▓ ░▒█ ▒▓ ▓▓█░ ░▓░▓▓█░ ▓ ░▓▓ ▒   ▒░ ▓▓ 
▒ ▓ ░██ ▒▓▒▓▒░░▒░▒█░▒▒▒ ░ ▓█▓▓▒ █░░ ▓█▓▒
▒ ▓ ░██ ▒▓▒▓▒░░▒░▒█▒▒▒█▓▓ ▓██▒▒ ░░░░▒░▓▒
▒ ▓ ░██ ▒▓▒▓▒░░▒░▒██▒▒█▓░░▓██░▓ ░▓ ░░▒▒▒
▒ ▓ ░██ ▒▓▒▓▒░░▒░▒██▒▒█▒▓▓▓▓ ░▓▒▓░███▓▓▒
▒ ▓ ░██ ▒▓▒▓▒░░▒░▒██▒▒█▓▓██▒▓▒▓▒▓░░▓▓▓▓░
▒ ▓ ░██ ▒▓▒▓▒░░▒░▒██▒▒█░▒▓░░▒▒█░▓░░███▓ 
▒ ▓ ░▒██▒▓ ▓▓█░█████ ██▒ █▓░▒▒░▓▓█▒░██▒▓
▒░▓ ▒▒█▒▒▓ ▓▓█░ ░▓░█▓█▒▓▓▓░▓▒░▓▓█▒▒▒▓▓▒█
▒░▓ ▒▓█▓▒▓ ▓▓█░████▒▒▒░▒░█▓▓█░▒░▒▓▓█▓▓▓░
▒░  ▒ █░▒░░▓▒█░░ ▒░▓▒▓█▓▒░ ▓█░▓░██▒▒▓░▒░
gaming.txt
general.txt
                                        
                                        
                                        
                                        
                                        
                                        
█ ░          █      ▒                   
░  ▒ ▓▓ ▒▒  ▒  ▓  █░▓                   
░ ░▒▓▓█ ▓   ▓█ ▒  ▓█   ░ ▒              
░ ▓▓▓▓░ ▒▓  ▓▓▒░ ░▒█░▓ ██▒▒▓            
█ ▓█░▒▒▓ ▒  ▓▒▒▓▓▒▒▓▒░ ▓▓▓▒▓▓           
▓ █▒░▓▒▒▓░ ▓█▓▓▓▒██▓▓ ▒ ░▒▒▒▒ ░   ░▒  ▓ 
░ ▒▓░▓░▒░▒▒▓░░▒░ █ ▒█ ██▒░▓░█ ▓█ ▓█▓█ ▓ 
░ ▓▓ ░▒▓▒▓▓▓█▒▓██▒▒▓▓█▓▒█▒ ▒   ░ ░▒░▓░█▓
░ ▒▓ ▒▒▒░▒▒ ▓█▒▓█▒▓▓▓▒█▓▓▓▒▒█▓ ▓▓▒█▒▓█▓▓
░█▓▒ █▒███▓▓▒▒▓ ▒░▒▒░█▓▒▓▓▓█▓▒▓▓▓ ░░▓███
█░░█▒▓▓▓███▓░█░▓▓▒▓ ██▓▓▓▓▒▒▓█▓▓▓░▒▒▓▒ ▓
█▒▓▓▒▓▒▓█░▒▓▒█▓▓▓ ▓░▓░▒▓▒▓░░░ ▓██▓▓ █▒▓▓
 ██▒█▒░▓▒░▒█░▓█░▓▒▒▓▒▓▓░░█▓░▓▒██▒░█▓▓░▒█
▒█  ▒██▓▒ ░▓░▒▓█▓▒▓▒▒▒▒▓▓█▓▒█░█ ▒█ ░▓█▒░
general.txt
random.txt
▒░▒ ░ █ ▒░▓▓▓▓  ░░ ▓▒      ▓            
▒ █▓▒▓░ █▒░████  ▓▓█▓█ █   ▓      ▒    ▓
▒░▒ ░░█ ▒█▒ ░░▒▓▒██▒▒█ ▓   ▒░  ▓    ▒  █
▒░▒ ░▒█ ▒█▒ ░░▒░▒██▒▒█ ▒   █▓  ▒  ▒█░  █
▒░▒ ░▒█ ▒█▒ ░░▒░▒██▒▒█ ▓  ▒▒▓  ▓▓█▓▓▓▒░█
▒░▒ ░▒█ ▒█▒ ░░▒░▒██▒▒█ ▒ ▒▓▒▓  ░▒▓░▓▓▒▓▒
▒░▒ ▓▒█ ▒█▒▒▒▒▓░░▒█▒██ ▓█▒░▓▒▓▒█░█▓▓█▒▒▒
▒░▒ ▓░█ ▒█▒▒▒▒▓ ░▒░▒██ ▒░█ ▓▓██▓▒▒▓▓ ▓▒▒
▒░▒ ▓░█ ▒█▒▒▒▒▓ ░▒░▒██ ▒▓▓░░▓█ ▒▓▒▓░ ▒█▒
▒░▒ ▓░█ ▒█▒▒▒▒▓ ░▒░▒██▓▒██▓▓▓█ ▒▓▓▓░█░▓█
▒░▒ █░█ ▒█▒ ░░▒ ▒█░▒▒█▒▒█▓▓ ▓░░█▓▓░ ▒░▓█
▒░▒ █░█ ▒█▒ ░░▒░▒██▒▒█▒▓█▓██▒▓▒▒░░▓▒▒░█ 
▒░▒ █░█ ▒█▒ ░░▒░▒██▒▒█▒███▓▒▓▓▓▓░ █▓▓▒▒▒
▒░▒ █░█ ▒█▒ ░░▒░▒██▒▒█▒ ▓█ ░▓ ░ █▒▒▓▒░█▒
▒░▒ █░█ ▒█▒ ░░▒░▒██▒▒█▒▓▒▓█▒▒▓█▓█░░░▓▓▓▒
▒░▒  ░█ ▒░▓▓▓▓ ░░░█▓▒█▓▓█▒█▓▒░ ▓▒▒▒██▓█▓
▒ █▓▒░░ █▒░████▓██▓█░▒██▒▒▒▓░▓▓▓▓██░▒▒ █
▒░█ ░▓█ ▒ █▓▒░░██▒░████░▓▓██▓ ▒ ▒█▒▓▒▓░▓
▒░▓ ░░██▒█▓░▒▒█░▒░▒██▒▒█▓▓▓▓▓ ▒▓▓▓░ █▓▒▒
▒░▓ ░░██▒█▓░▒▒█░▒░▒██▒▒█ ▒█▒░█▓▓░▓▓▒░░░▒
random.txt
swarm.txt
                                        
▒ ░                                     
░░▓       ▒                             
█░▓  ░█  ▓░▒░                           
█▒▓  ░░  ░▒░░█                          
█▒ ░ ██ ▒ ░█ ░                          
 ▒░  ██░░█▒░▒████                       
 ▒█  ▓█▒▒▒░▓▓▒░░░                       
░██  ▓ ▒▓█░▓▓░█▓▓░▒ ▓█ ▒  ▒             
██▓ ░▓░▒█▓▓▓▓▒▓▓▒░░░░░ ░  ░             
▒█▓██ █▒▓▒▓█▓▓▒▓▓▓▓░░▓░▒█░▒ ░  ▓ ▒ ▒▒   
 ▓▓░█▒▓█▓▓▓▓▒▒▓▓▒▒▓▓▓ ██░█▓▓░ ▒░░░ ░░▓ ▒
▒░░▓▓▒▓░▓▓▓▓▒▒▓▓ ▓▒▒▒▓▒▒██▒░▓ ░░░░▓░░░█░
▓██▓░▒▓░▓▓▓▓▒▒▓▓ ▓▓▓█▒░███░░▒ ░░░░░░░░░░
░░▒░▓▓▒█▓▓▓▓▓▒▓▓▒▓▓▒▒▒▒████░  ░░░░░░░░░░
░█▓░▓▓▒██▓▓▓▓▒▒▓▓▓▓▓░▒▒████▓ █░░░░░░░░░░
▒▓ █▓█░██▒▒░  ▒▒▓█▓░▓▓█▓█▓░░▓░░█▓█░▒▒░░▓
▒▓ ▓▓█░▓▓░ █░▓░██▒▒░░▒▓██▓▓░▒▓▒ ▓█░▒▓▓░░
▒░  ▒▓█▓▒▓ ▓▓█░▓▒▓░█░█▓▒ ▒░█▓▓░▓▓▒█░░ ▒█
▒░  ▓▓█▓▒▓ ▓▓█░████░▒░▓██▒███▓▓█▒▒▓░▓▒▒▓
swarm.txt
tech.txt
                                        
                                        
                                        
    ▓                                   
    ▓██     ▓█                          
▒   ░ █  ▓  ▓█ ▓█                       
▒  ▓░█▓  ▓  ▒▓ ▓█                       
   ▒▓▒▒ ▒▓ ▓ ▓░█░░ ░                    
▒▓░ ▓░▒ ▒ ▓▓▓█░▓▓░▓█   ░                
▒▓█▓█░█▒█░░▓█░██░░ ▓  ▒█                
░▒██░▓▓▒ ░▓▓░█▒▒▓█▓▒█ ░▓                
█▓▒ ░░▓▓▒ ▒▒▒▓ █░▒▓▓░▓▒  █ ▒            
 ░▒▓░█▒ █▓░▒▒▓▓▓░▒▓░▒▓░▓▓█░▒█           
█▓░█░▒░▓█ ▓▓ ▓▓█▓░▓▓█▒██ ░███░█   ▓  ▓  
▒▓█▒▓░▒▒▒█░▓▓▒█░░▒█▒░▒▓▓█▒▒▓█░░░▒  ██▒▒ 
█░▒▒▒░▓▒ ░▒▓▓█▒▓░█▓▒▒▓▒  ░▓██▒▓▓▓ ▒░▒░▓ 
▒▒█ ▓▒█▓▒█▓▓▓▓ █▓█▓▓▓▓░▓███▓█▒▓▒ ░▒█░▓░ 
▒░░ ▓░█▓▒▓ ░░░ ░▓░▒▓█▒▒░▒█▒▒█░░░▒█▒█▓▓░▓
▒▒▒ ▓░█ ▒▓ ▓▓█░▓▓░ █░▓░█▓█░▒█░░▓▒█▒▒▒░█▓
▓▓▓▒▒▒▓█▓█▓▓▓█░ █░▓░█▓▓░▓█░  ▒▓ ▓█░▒  ░▓
tech.txt
unknown.txt
                                        
                                        
▓                                       
▓                                       
▓                                       
▓                                       
▓                                       
▓                                       
▓                                       
▓   ░                                   
▓  ░▒         ░                         
▓  ▒░░ ░  ░   ▓                         
▓  ▒░▒░▓ ░▓   ▒                         
▓  ░░█▒  █▓   ▓                         
▓  ░▓░░░░▓▓   ▓                         
▓ ░░▓░░░▓▓▓░ ░▓                         
▓░▓▓▓░▓▓░▓▓▓░▒▓                         
▓▓░░░░▓▓░░░▓▒▓▓                         
▓▓▓░░░░░░░░░░░░▒░                       
▓░░▒▒▒░ ▓ █░█▒▒░▒▒▒                     
unknown.txt
